<?xml version="1.0" encoding="UTF-8"?>
<!-- Generated by org.testng.reporters.JUnitReportReporter -->
<testsuite hostname="LP-PF2XF41Y" name="Example.Cookies" tests="1" failures="0" timestamp="23 Aug 2021 10:08:59 GMT" time="8.559" errors="0">
  <testcase name="f" time="8.559" classname="Example.Cookies"/>
</testsuite> <!-- Example.Cookies -->
