<?xml version="1.0" encoding="UTF-8"?>
<!-- Generated by org.testng.reporters.JUnitReportReporter -->
<testsuite hostname="LP-PF2XF41Y" name="Seleniumadva.Seleniumadva.download" tests="1" failures="0" timestamp="18 Aug 2021 09:53:26 GMT" time="10.310" errors="0">
  <testcase name="f" time="10.310" classname="Seleniumadva.Seleniumadva.download"/>
</testsuite> <!-- Seleniumadva.Seleniumadva.download -->
