<?xml version="1.0" encoding="UTF-8"?>
<!-- Generated by org.testng.reporters.JUnitReportReporter -->
<testsuite hostname="LP-PF2XF41Y" name="Seleniumadva.Seleniumadva.unorderlist1" tests="1" failures="0" timestamp="13 Aug 2021 04:49:24 GMT" time="9.781" errors="0">
  <testcase name="f" time="9.781" classname="Seleniumadva.Seleniumadva.unorderlist1"/>
</testsuite> <!-- Seleniumadva.Seleniumadva.unorderlist1 -->
