<?xml version="1.0" encoding="UTF-8"?>
<!-- Generated by org.testng.reporters.JUnitReportReporter -->
<testsuite hostname="LP-PF2XF41Y" name="Seleniumadva.Seleniumadva.unorderlist" tests="1" failures="0" timestamp="12 Aug 2021 18:00:17 GMT" time="25.898" errors="0">
  <testcase name="f" time="25.898" classname="Seleniumadva.Seleniumadva.unorderlist"/>
</testsuite> <!-- Seleniumadva.Seleniumadva.unorderlist -->
