<?xml version="1.0" encoding="UTF-8"?>
<!-- Generated by org.testng.reporters.JUnitReportReporter -->
<testsuite hostname="LP-PF2XF41Y" name="Example.Tooltip" tests="1" failures="0" timestamp="18 Aug 2021 13:36:19 GMT" time="7.072" errors="0">
  <testcase name="f" time="7.072" classname="Example.Tooltip"/>
</testsuite> <!-- Example.Tooltip -->
