<?xml version="1.0" encoding="UTF-8"?>
<!-- Generated by org.testng.reporters.JUnitReportReporter -->
<testsuite hostname="LP-PF2XF41Y" name="Example.Tooltip1" tests="1" failures="0" timestamp="19 Aug 2021 04:55:42 GMT" time="15.170" errors="0">
  <testcase name="f" time="15.170" classname="Example.Tooltip1"/>
</testsuite> <!-- Example.Tooltip1 -->
