<?xml version="1.0" encoding="UTF-8"?>
<!-- Generated by org.testng.reporters.JUnitReportReporter -->
<testsuite hostname="LP-PF2XF41Y" name="Seleniumadva.Seleniumadva.Webdriver" tests="1" failures="0" timestamp="18 Aug 2021 05:36:50 GMT" time="5.104" errors="0">
  <testcase name="f" time="5.104" classname="Seleniumadva.Seleniumadva.Webdriver"/>
</testsuite> <!-- Seleniumadva.Seleniumadva.Webdriver -->
