<?xml version="1.0" encoding="UTF-8"?>
<!-- Generated by org.testng.reporters.JUnitReportReporter -->
<testsuite hostname="LP-PF2XF41Y" name="Seleniumadva.Seleniumadva.Scroll" tests="1" failures="0" timestamp="16 Aug 2021 05:38:00 GMT" time="8.268" errors="0">
  <testcase name="f" time="8.268" classname="Seleniumadva.Seleniumadva.Scroll"/>
</testsuite> <!-- Seleniumadva.Seleniumadva.Scroll -->
